<?xml version="1.0" encoding="UTF-8"?>
<testsuite name="cn.linj2n.thymeleaf.ThymeleafDemoApplicationTests" tests="1" skipped="0" failures="0" errors="0" timestamp="2018-06-14T10:41:05" hostname="linhaibodeMBP" time="0.033">
  <properties/>
  <testcase name="contextLoads" classname="cn.linj2n.thymeleaf.ThymeleafDemoApplicationTests" time="0.033"/>
  <system-out><![CDATA[18:41:00.921 [Test worker] DEBUG org.springframework.test.context.junit4.SpringJUnit4ClassRunner - SpringJUnit4ClassRunner constructor called with [class cn.linj2n.thymeleaf.ThymeleafDemoApplicationTests]
18:41:00.932 [Test worker] DEBUG org.springframework.test.context.BootstrapUtils - Instantiating CacheAwareContextLoaderDelegate from class [org.springframework.test.context.cache.DefaultCacheAwareContextLoaderDelegate]
18:41:00.944 [Test worker] DEBUG org.springframework.test.context.BootstrapUtils - Instantiating BootstrapContext using constructor [public org.springframework.test.context.support.DefaultBootstrapContext(java.lang.Class,org.springframework.test.context.CacheAwareContextLoaderDelegate)]
18:41:00.969 [Test worker] DEBUG org.springframework.test.context.BootstrapUtils - Instantiating TestContextBootstrapper for test class [cn.linj2n.thymeleaf.ThymeleafDemoApplicationTests] from class [org.springframework.boot.test.context.SpringBootTestContextBootstrapper]
18:41:00.984 [Test worker] INFO org.springframework.boot.test.context.SpringBootTestContextBootstrapper - Neither @ContextConfiguration nor @ContextHierarchy found for test class [cn.linj2n.thymeleaf.ThymeleafDemoApplicationTests], using SpringBootContextLoader
18:41:00.988 [Test worker] DEBUG org.springframework.test.context.support.AbstractContextLoader - Did not detect default resource location for test class [cn.linj2n.thymeleaf.ThymeleafDemoApplicationTests]: class path resource [cn/linj2n/thymeleaf/ThymeleafDemoApplicationTests-context.xml] does not exist
18:41:00.988 [Test worker] DEBUG org.springframework.test.context.support.AbstractContextLoader - Did not detect default resource location for test class [cn.linj2n.thymeleaf.ThymeleafDemoApplicationTests]: class path resource [cn/linj2n/thymeleaf/ThymeleafDemoApplicationTestsContext.groovy] does not exist
18:41:00.989 [Test worker] INFO org.springframework.test.context.support.AbstractContextLoader - Could not detect default resource locations for test class [cn.linj2n.thymeleaf.ThymeleafDemoApplicationTests]: no resource found for suffixes {-context.xml, Context.groovy}.
18:41:00.990 [Test worker] INFO org.springframework.test.context.support.AnnotationConfigContextLoaderUtils - Could not detect default configuration classes for test class [cn.linj2n.thymeleaf.ThymeleafDemoApplicationTests]: ThymeleafDemoApplicationTests does not declare any static, non-private, non-final, nested classes annotated with @Configuration.
18:41:01.058 [Test worker] DEBUG org.springframework.test.context.support.ActiveProfilesUtils - Could not find an 'annotation declaring class' for annotation type [org.springframework.test.context.ActiveProfiles] and class [cn.linj2n.thymeleaf.ThymeleafDemoApplicationTests]
18:41:01.073 [Test worker] DEBUG org.springframework.core.env.StandardEnvironment - Adding [systemProperties] PropertySource with lowest search precedence
18:41:01.074 [Test worker] DEBUG org.springframework.core.env.StandardEnvironment - Adding [systemEnvironment] PropertySource with lowest search precedence
18:41:01.074 [Test worker] DEBUG org.springframework.core.env.StandardEnvironment - Initialized StandardEnvironment with PropertySources [systemProperties,systemEnvironment]
18:41:01.086 [Test worker] DEBUG org.springframework.core.io.support.PathMatchingResourcePatternResolver - Resolved classpath location [cn/linj2n/thymeleaf/] to resources [URL [file:/Users/linj2n/Spring-demo/spring-thymeleaf/thymeleaf-demo/build/classes/test/cn/linj2n/thymeleaf/], URL [file:/Users/linj2n/Spring-demo/spring-thymeleaf/thymeleaf-demo/build/classes/main/cn/linj2n/thymeleaf/]]
18:41:01.087 [Test worker] DEBUG org.springframework.core.io.support.PathMatchingResourcePatternResolver - Looking for matching resources in directory tree [/Users/linj2n/Spring-demo/spring-thymeleaf/thymeleaf-demo/build/classes/test/cn/linj2n/thymeleaf]
18:41:01.088 [Test worker] DEBUG org.springframework.core.io.support.PathMatchingResourcePatternResolver - Searching directory [/Users/linj2n/Spring-demo/spring-thymeleaf/thymeleaf-demo/build/classes/test/cn/linj2n/thymeleaf] for files matching pattern [/Users/linj2n/Spring-demo/spring-thymeleaf/thymeleaf-demo/build/classes/test/cn/linj2n/thymeleaf/*.class]
18:41:01.094 [Test worker] DEBUG org.springframework.core.io.support.PathMatchingResourcePatternResolver - Looking for matching resources in directory tree [/Users/linj2n/Spring-demo/spring-thymeleaf/thymeleaf-demo/build/classes/main/cn/linj2n/thymeleaf]
18:41:01.094 [Test worker] DEBUG org.springframework.core.io.support.PathMatchingResourcePatternResolver - Searching directory [/Users/linj2n/Spring-demo/spring-thymeleaf/thymeleaf-demo/build/classes/main/cn/linj2n/thymeleaf] for files matching pattern [/Users/linj2n/Spring-demo/spring-thymeleaf/thymeleaf-demo/build/classes/main/cn/linj2n/thymeleaf/*.class]
18:41:01.096 [Test worker] DEBUG org.springframework.core.io.support.PathMatchingResourcePatternResolver - Resolved location pattern [classpath*:cn/linj2n/thymeleaf/*.class] to resources [file [/Users/linj2n/Spring-demo/spring-thymeleaf/thymeleaf-demo/build/classes/test/cn/linj2n/thymeleaf/ThymeleafDemoApplicationTests.class], file [/Users/linj2n/Spring-demo/spring-thymeleaf/thymeleaf-demo/build/classes/main/cn/linj2n/thymeleaf/ThymeleafDemoApplication.class]]
18:41:01.152 [Test worker] DEBUG org.springframework.context.annotation.ClassPathScanningCandidateComponentProvider - Identified candidate component class: file [/Users/linj2n/Spring-demo/spring-thymeleaf/thymeleaf-demo/build/classes/main/cn/linj2n/thymeleaf/ThymeleafDemoApplication.class]
18:41:01.155 [Test worker] INFO org.springframework.boot.test.context.SpringBootTestContextBootstrapper - Found @SpringBootConfiguration cn.linj2n.thymeleaf.ThymeleafDemoApplication for test class cn.linj2n.thymeleaf.ThymeleafDemoApplicationTests
18:41:01.160 [Test worker] DEBUG org.springframework.boot.test.context.SpringBootTestContextBootstrapper - @TestExecutionListeners is not present for class [cn.linj2n.thymeleaf.ThymeleafDemoApplicationTests]: using defaults.
18:41:01.165 [Test worker] INFO org.springframework.boot.test.context.SpringBootTestContextBootstrapper - Loaded default TestExecutionListener class names from location [META-INF/spring.factories]: [org.springframework.boot.test.mock.mockito.MockitoTestExecutionListener, org.springframework.boot.test.mock.mockito.ResetMocksTestExecutionListener, org.springframework.boot.test.autoconfigure.restdocs.RestDocsTestExecutionListener, org.springframework.boot.test.autoconfigure.web.client.MockRestServiceServerResetTestExecutionListener, org.springframework.boot.test.autoconfigure.web.servlet.MockMvcPrintOnlyOnFailureTestExecutionListener, org.springframework.boot.test.autoconfigure.web.servlet.WebDriverTestExecutionListener, org.springframework.test.context.web.ServletTestExecutionListener, org.springframework.test.context.support.DirtiesContextBeforeModesTestExecutionListener, org.springframework.test.context.support.DependencyInjectionTestExecutionListener, org.springframework.test.context.support.DirtiesContextTestExecutionListener, org.springframework.test.context.transaction.TransactionalTestExecutionListener, org.springframework.test.context.jdbc.SqlScriptsTestExecutionListener]
18:41:01.177 [Test worker] INFO org.springframework.boot.test.context.SpringBootTestContextBootstrapper - Could not instantiate TestExecutionListener [org.springframework.test.context.jdbc.SqlScriptsTestExecutionListener]. Specify custom listener classes or make the default listener classes (and their required dependencies) available. Offending class: [org/springframework/transaction/interceptor/TransactionAttribute]
18:41:01.181 [Test worker] INFO org.springframework.boot.test.context.SpringBootTestContextBootstrapper - Could not instantiate TestExecutionListener [org.springframework.test.context.transaction.TransactionalTestExecutionListener]. Specify custom listener classes or make the default listener classes (and their required dependencies) available. Offending class: [org/springframework/transaction/interceptor/TransactionAttributeSource]
18:41:01.182 [Test worker] INFO org.springframework.boot.test.context.SpringBootTestContextBootstrapper - Using TestExecutionListeners: [org.springframework.test.context.web.ServletTestExecutionListener@7c58bffe, org.springframework.test.context.support.DirtiesContextBeforeModesTestExecutionListener@20f1e7ea, org.springframework.boot.test.autoconfigure.SpringBootDependencyInjectionTestExecutionListener@6dba90e4, org.springframework.test.context.support.DirtiesContextTestExecutionListener@24fc7f3f, org.springframework.boot.test.autoconfigure.web.client.MockRestServiceServerResetTestExecutionListener@1d629311, org.springframework.boot.test.mock.mockito.MockitoTestExecutionListener@3203e9e0, org.springframework.boot.test.autoconfigure.restdocs.RestDocsTestExecutionListener@b0772f4, org.springframework.boot.test.mock.mockito.ResetMocksTestExecutionListener@4cc5e12c, org.springframework.boot.test.autoconfigure.web.servlet.MockMvcPrintOnlyOnFailureTestExecutionListener@453609be, org.springframework.boot.test.autoconfigure.web.servlet.WebDriverTestExecutionListener@68d7a411]
18:41:01.185 [Test worker] DEBUG org.springframework.test.annotation.ProfileValueUtils - Retrieved @ProfileValueSourceConfiguration [null] for test class [cn.linj2n.thymeleaf.ThymeleafDemoApplicationTests]
18:41:01.186 [Test worker] DEBUG org.springframework.test.annotation.ProfileValueUtils - Retrieved ProfileValueSource type [class org.springframework.test.annotation.SystemProfileValueSource] for class [cn.linj2n.thymeleaf.ThymeleafDemoApplicationTests]
18:41:01.188 [Test worker] DEBUG org.springframework.test.annotation.ProfileValueUtils - Retrieved @ProfileValueSourceConfiguration [null] for test class [cn.linj2n.thymeleaf.ThymeleafDemoApplicationTests]
18:41:01.189 [Test worker] DEBUG org.springframework.test.annotation.ProfileValueUtils - Retrieved ProfileValueSource type [class org.springframework.test.annotation.SystemProfileValueSource] for class [cn.linj2n.thymeleaf.ThymeleafDemoApplicationTests]
18:41:01.195 [Test worker] DEBUG org.springframework.test.context.support.AbstractDirtiesContextTestExecutionListener - Before test class: context [DefaultTestContext@111f2e24 testClass = ThymeleafDemoApplicationTests, testInstance = [null], testMethod = [null], testException = [null], mergedContextConfiguration = [WebMergedContextConfiguration@53a6f3c3 testClass = ThymeleafDemoApplicationTests, locations = '{}', classes = '{class cn.linj2n.thymeleaf.ThymeleafDemoApplication}', contextInitializerClasses = '[]', activeProfiles = '{}', propertySourceLocations = '{}', propertySourceProperties = '{org.springframework.boot.test.context.SpringBootTestContextBootstrapper=true}', contextCustomizers = set[org.springframework.boot.test.context.SpringBootTestContextCustomizer@7d45c029, org.springframework.boot.test.context.filter.ExcludeFilterContextCustomizer@1862a8a9, org.springframework.boot.test.mock.mockito.MockitoContextCustomizer@0, org.springframework.boot.test.autoconfigure.properties.PropertyMappingContextCustomizer@0, org.springframework.boot.test.autoconfigure.web.servlet.WebDriverContextCustomizerFactory$Customizer@64b7e61a], resourceBasePath = 'src/main/webapp', contextLoader = 'org.springframework.boot.test.context.SpringBootContextLoader', parent = [null]]], class annotated with @DirtiesContext [false] with mode [null].
18:41:01.196 [Test worker] DEBUG org.springframework.test.annotation.ProfileValueUtils - Retrieved @ProfileValueSourceConfiguration [null] for test class [cn.linj2n.thymeleaf.ThymeleafDemoApplicationTests]
18:41:01.197 [Test worker] DEBUG org.springframework.test.annotation.ProfileValueUtils - Retrieved ProfileValueSource type [class org.springframework.test.annotation.SystemProfileValueSource] for class [cn.linj2n.thymeleaf.ThymeleafDemoApplicationTests]
18:41:01.272 [Test worker] DEBUG org.springframework.core.env.StandardEnvironment - Adding [systemProperties] PropertySource with lowest search precedence
18:41:01.273 [Test worker] DEBUG org.springframework.core.env.StandardEnvironment - Adding [systemEnvironment] PropertySource with lowest search precedence
18:41:01.274 [Test worker] DEBUG org.springframework.core.env.StandardEnvironment - Initialized StandardEnvironment with PropertySources [systemProperties,systemEnvironment]
18:41:01.277 [Test worker] DEBUG org.springframework.core.env.MutablePropertySources - Adding [inline] PropertySource with highest search precedence
18:41:01.285 [Test worker] DEBUG org.springframework.test.context.support.TestPropertySourceUtils - Adding inlined properties to environment: {spring.jmx.enabled=false, org.springframework.boot.test.context.SpringBootTestContextBootstrapper=true, server.port=-1}
18:41:01.285 [Test worker] DEBUG org.springframework.core.env.StandardEnvironment - Adding [Inlined Test Properties] PropertySource with highest search precedence

  .   ____          _            __ _ _
 /\\ / ___'_ __ _ _(_)_ __  __ _ \ \ \ \
( ( )\___ | '_ | '_| | '_ \/ _` | \ \ \ \
 \\/  ___)| |_)| | | | | || (_| |  ) ) ) )
  '  |____| .__|_| |_|_| |_\__, | / / / /
 =========|_|==============|___/=/_/_/_/
 :: Spring Boot ::        (v1.5.2.RELEASE)

2018-06-14 18:41:01.681  INFO 28152 --- [    Test worker] c.l.t.ThymeleafDemoApplicationTests      : Starting ThymeleafDemoApplicationTests on linhaibodeMBP with PID 28152 (started by linj2n in /Users/linj2n/Spring-demo/spring-thymeleaf/thymeleaf-demo)
2018-06-14 18:41:01.683  INFO 28152 --- [    Test worker] c.l.t.ThymeleafDemoApplicationTests      : No active profile set, falling back to default profiles: default
2018-06-14 18:41:02.080  INFO 28152 --- [    Test worker] o.s.w.c.s.GenericWebApplicationContext   : Refreshing org.springframework.web.context.support.GenericWebApplicationContext@2ff9fbd1: startup date [Thu Jun 14 18:41:02 CST 2018]; root of context hierarchy
2018-06-14 18:41:04.533  INFO 28152 --- [    Test worker] s.w.s.m.m.a.RequestMappingHandlerAdapter : Looking for @ControllerAdvice: org.springframework.web.context.support.GenericWebApplicationContext@2ff9fbd1: startup date [Thu Jun 14 18:41:02 CST 2018]; root of context hierarchy
2018-06-14 18:41:04.721  INFO 28152 --- [    Test worker] s.w.s.m.m.a.RequestMappingHandlerMapping : Mapped "{[/users],methods=[GET]}" onto public org.springframework.web.servlet.ModelAndView cn.linj2n.thymeleaf.Controller.UserController.list(org.springframework.ui.Model)
2018-06-14 18:41:04.722  INFO 28152 --- [    Test worker] s.w.s.m.m.a.RequestMappingHandlerMapping : Mapped "{[/users/form],methods=[GET]}" onto public org.springframework.web.servlet.ModelAndView cn.linj2n.thymeleaf.Controller.UserController.createForm(org.springframework.ui.Model)
2018-06-14 18:41:04.723  INFO 28152 --- [    Test worker] s.w.s.m.m.a.RequestMappingHandlerMapping : Mapped "{[/users/{id}],methods=[GET]}" onto public org.springframework.web.servlet.ModelAndView cn.linj2n.thymeleaf.Controller.UserController.view(java.lang.Long,org.springframework.ui.Model)
2018-06-14 18:41:04.729  INFO 28152 --- [    Test worker] s.w.s.m.m.a.RequestMappingHandlerMapping : Mapped "{[/error]}" onto public org.springframework.http.ResponseEntity<java.util.Map<java.lang.String, java.lang.Object>> org.springframework.boot.autoconfigure.web.BasicErrorController.error(javax.servlet.http.HttpServletRequest)
2018-06-14 18:41:04.730  INFO 28152 --- [    Test worker] s.w.s.m.m.a.RequestMappingHandlerMapping : Mapped "{[/error],produces=[text/html]}" onto public org.springframework.web.servlet.ModelAndView org.springframework.boot.autoconfigure.web.BasicErrorController.errorHtml(javax.servlet.http.HttpServletRequest,javax.servlet.http.HttpServletResponse)
2018-06-14 18:41:04.781  INFO 28152 --- [    Test worker] o.s.w.s.handler.SimpleUrlHandlerMapping  : Mapped URL path [/webjars/**] onto handler of type [class org.springframework.web.servlet.resource.ResourceHttpRequestHandler]
2018-06-14 18:41:04.781  INFO 28152 --- [    Test worker] o.s.w.s.handler.SimpleUrlHandlerMapping  : Mapped URL path [/**] onto handler of type [class org.springframework.web.servlet.resource.ResourceHttpRequestHandler]
2018-06-14 18:41:04.873  INFO 28152 --- [    Test worker] o.s.w.s.handler.SimpleUrlHandlerMapping  : Mapped URL path [/**/favicon.ico] onto handler of type [class org.springframework.web.servlet.resource.ResourceHttpRequestHandler]
2018-06-14 18:41:04.937  WARN 28152 --- [    Test worker] org.thymeleaf.templatemode.TemplateMode  : [THYMELEAF][Test worker] Template Mode 'HTML5' is deprecated. Using Template Mode 'HTML' instead.
2018-06-14 18:41:05.756  INFO 28152 --- [    Test worker] c.l.t.ThymeleafDemoApplicationTests      : Started ThymeleafDemoApplicationTests in 4.456 seconds (JVM running for 5.718)
]]></system-out>
  <system-err><![CDATA[]]></system-err>
</testsuite>
